[2024-11-08 12:57:05,881: INFO: main: Welcome to custom log]
[2024-11-08 12:59:12,690: INFO: common: yaml file: config\config.yaml loaded successfully]
[2024-11-08 12:59:12,694: INFO: common: yaml file: params.yaml loaded successfully]
[2024-11-08 17:24:04,349: INFO: common: yaml file: config\config.yaml loaded successfully]
[2024-11-08 17:24:04,358: INFO: common: yaml file: params.yaml loaded successfully]
[2024-11-08 17:32:19,390: INFO: common: yaml file: config\config.yaml loaded successfully]
[2024-11-08 17:32:19,396: INFO: common: yaml file: params.yaml loaded successfully]
[2024-11-08 17:32:19,400: INFO: common: created directory at: artifacts]
[2024-11-08 17:32:19,403: INFO: common: created directory at: artifacts/data_ingestion]
[2024-11-08 17:32:58,396: INFO: 2388877383: artifacts/data_ingestion/data.zip download! with following info: 
Connection: close
Content-Length: 22756660
Cache-Control: max-age=300
Content-Security-Policy: default-src 'none'; style-src 'unsafe-inline'; sandbox
Content-Type: application/zip
ETag: "07b1147bb12d018cef6446014bc4d1b098f8a8db79c8f5e8866fed33abc1a055"
Strict-Transport-Security: max-age=31536000
X-Content-Type-Options: nosniff
X-Frame-Options: deny
X-XSS-Protection: 1; mode=block
X-GitHub-Request-Id: 7C62:1B13A2:A3502:C6553:672DFDCF
Accept-Ranges: bytes
Date: Fri, 08 Nov 2024 12:02:26 GMT
Via: 1.1 varnish
X-Served-By: cache-maa10228-MAA
X-Cache: MISS
X-Cache-Hits: 0
X-Timer: S1731067345.401845,VS0,VE1548
Vary: Authorization,Accept-Encoding,Origin
Access-Control-Allow-Origin: *
Cross-Origin-Resource-Policy: cross-origin
X-Fastly-Request-ID: 16b196a200316f27618dd370567ccacf1e94b4c8
Expires: Fri, 08 Nov 2024 12:07:26 GMT
Source-Age: 1

]
[2024-11-08 17:38:37,628: INFO: main: >>>>>> stage Data Ingestion stage started <<<<<<]
[2024-11-08 17:38:37,628: INFO: common: yaml file: config\config.yaml loaded successfully]
[2024-11-08 17:38:37,628: INFO: common: yaml file: params.yaml loaded successfully]
[2024-11-08 17:38:37,641: INFO: common: created directory at: artifacts]
[2024-11-08 17:38:37,641: INFO: common: created directory at: artifacts/data_ingestion]
[2024-11-08 17:38:37,643: INFO: data_ingestion: File already exists of size: 21.7 MB]
[2024-11-08 17:38:37,938: INFO: main: >>>>>> stage Data Ingestion stage completed <<<<<<

x==========x]
[2024-11-09 12:21:19,022: INFO: common: yaml file: config\config.yaml loaded successfully]
[2024-11-09 12:21:19,030: INFO: common: yaml file: params.yaml loaded successfully]
[2024-11-09 12:21:19,031: INFO: common: created directory at: artifacts]
[2024-11-09 12:21:19,036: INFO: common: created directory at: artifacts/prepare_base_model]
[2024-11-09 12:23:01,660: INFO: common: yaml file: config\config.yaml loaded successfully]
[2024-11-09 12:23:01,667: INFO: common: yaml file: params.yaml loaded successfully]
[2024-11-09 12:23:01,671: INFO: common: created directory at: artifacts]
[2024-11-09 12:23:01,673: INFO: common: created directory at: artifacts/prepare_base_model]
[2024-11-09 13:02:08,727: INFO: common: yaml file: config\config.yaml loaded successfully]
[2024-11-09 13:02:08,732: INFO: common: yaml file: params.yaml loaded successfully]
[2024-11-09 13:02:08,733: INFO: common: created directory at: artifacts]
[2024-11-09 13:02:08,735: INFO: common: created directory at: artifacts/prepare_base_model]
[2024-11-09 13:03:07,321: INFO: common: yaml file: config\config.yaml loaded successfully]
[2024-11-09 13:03:07,325: INFO: common: yaml file: params.yaml loaded successfully]
[2024-11-09 13:03:07,327: INFO: common: created directory at: artifacts]
[2024-11-09 13:03:07,329: INFO: common: created directory at: artifacts/prepare_base_model]
[2024-11-09 13:28:10,596: INFO: common: yaml file: E:\Projects\Steganalysis\config\config.yaml loaded successfully]
[2024-11-09 13:28:10,606: INFO: common: yaml file: E:\Projects\Steganalysis\params.yaml loaded successfully]
[2024-11-09 13:28:10,610: INFO: common: created directory at: artifacts]
[2024-11-09 13:29:47,020: INFO: common: yaml file: E:\Projects\Steganalysis\config\config.yaml loaded successfully]
[2024-11-09 13:29:47,041: INFO: common: yaml file: E:\Projects\Steganalysis\params.yaml loaded successfully]
[2024-11-09 13:29:47,045: INFO: common: created directory at: artifacts]
[2024-11-09 13:29:47,047: INFO: common: created directory at: artifacts\prepare_base_model]
[2024-11-09 13:31:24,244: INFO: common: yaml file: E:\Projects\Steganalysis\config\config.yaml loaded successfully]
[2024-11-09 13:31:24,254: INFO: common: yaml file: E:\Projects\Steganalysis\params.yaml loaded successfully]
[2024-11-09 13:31:24,258: INFO: common: created directory at: artifacts]
[2024-11-09 13:31:24,260: INFO: common: created directory at: artifacts\prepare_base_model]
[2024-11-09 13:31:53,180: INFO: common: yaml file: E:\Projects\Steganalysis\config\config.yaml loaded successfully]
[2024-11-09 13:31:53,193: INFO: common: yaml file: E:\Projects\Steganalysis\params.yaml loaded successfully]
[2024-11-09 13:31:53,196: INFO: common: created directory at: artifacts]
[2024-11-09 13:31:53,200: INFO: common: created directory at: artifacts\prepare_base_model]
[2024-11-09 13:32:53,385: INFO: common: yaml file: E:\Projects\Steganalysis\config\config.yaml loaded successfully]
[2024-11-09 13:32:53,396: INFO: common: yaml file: E:\Projects\Steganalysis\params.yaml loaded successfully]
[2024-11-09 13:32:53,401: INFO: common: created directory at: artifacts]
[2024-11-09 13:32:53,402: INFO: common: created directory at: artifacts\prepare_base_model]
[2024-11-09 13:33:56,774: INFO: common: yaml file: E:\Projects\Steganalysis\config\config.yaml loaded successfully]
[2024-11-09 13:33:56,782: INFO: common: yaml file: E:\Projects\Steganalysis\params.yaml loaded successfully]
[2024-11-09 13:33:56,785: INFO: common: created directory at: artifacts]
[2024-11-09 13:33:56,788: INFO: common: created directory at: artifacts\prepare_base_model]
[2024-11-09 13:34:02,775: INFO: common: yaml file: E:\Projects\Steganalysis\config\config.yaml loaded successfully]
[2024-11-09 13:34:02,785: INFO: common: yaml file: E:\Projects\Steganalysis\params.yaml loaded successfully]
[2024-11-09 13:34:02,789: INFO: common: created directory at: artifacts]
[2024-11-09 13:34:02,791: INFO: common: created directory at: artifacts\prepare_base_model]
[2024-11-09 13:35:30,090: INFO: common: yaml file: E:\Projects\Steganalysis\config\config.yaml loaded successfully]
[2024-11-09 13:35:30,097: INFO: common: yaml file: E:\Projects\Steganalysis\params.yaml loaded successfully]
[2024-11-09 13:35:30,101: INFO: common: created directory at: artifacts]
[2024-11-09 13:36:21,695: INFO: common: yaml file: E:\Projects\Steganalysis\config\config.yaml loaded successfully]
[2024-11-09 13:36:21,704: INFO: common: yaml file: E:\Projects\Steganalysis\params.yaml loaded successfully]
[2024-11-09 13:36:21,708: INFO: common: created directory at: artifacts]
[2024-11-09 13:36:37,442: INFO: common: yaml file: E:\Projects\Steganalysis\config\config.yaml loaded successfully]
[2024-11-09 13:36:37,449: INFO: common: yaml file: E:\Projects\Steganalysis\params.yaml loaded successfully]
[2024-11-09 13:36:37,455: INFO: common: created directory at: artifacts]
[2024-11-09 15:14:59,299: INFO: common: yaml file: E:\Projects\Steganalysis\config\config.yaml loaded successfully]
[2024-11-09 15:14:59,308: INFO: common: yaml file: E:\Projects\Steganalysis\params.yaml loaded successfully]
[2024-11-09 15:14:59,308: INFO: common: created directory at: artifacts]
[2024-11-09 15:16:47,543: INFO: common: yaml file: E:\Projects\Steganalysis\config\config.yaml loaded successfully]
[2024-11-09 15:16:47,556: INFO: common: yaml file: E:\Projects\Steganalysis\params.yaml loaded successfully]
[2024-11-09 15:16:47,559: INFO: common: created directory at: artifacts]
[2024-11-09 15:17:11,781: INFO: common: yaml file: E:\Projects\Steganalysis\config\config.yaml loaded successfully]
[2024-11-09 15:17:11,785: INFO: common: yaml file: E:\Projects\Steganalysis\params.yaml loaded successfully]
[2024-11-09 15:17:11,790: INFO: common: created directory at: artifacts]
[2024-11-09 15:18:27,204: INFO: common: yaml file: E:\Projects\Steganalysis\config\config.yaml loaded successfully]
[2024-11-09 15:18:27,213: INFO: common: yaml file: E:\Projects\Steganalysis\params.yaml loaded successfully]
[2024-11-09 15:18:27,213: INFO: common: created directory at: artifacts]
[2024-11-09 15:19:39,546: INFO: common: yaml file: E:\Projects\Steganalysis\config\config.yaml loaded successfully]
[2024-11-09 15:19:39,555: INFO: common: yaml file: E:\Projects\Steganalysis\params.yaml loaded successfully]
[2024-11-09 15:19:39,555: INFO: common: created directory at: artifacts]
[2024-11-09 15:19:39,563: INFO: common: created directory at: artifacts/prepare_base_model]
[2024-11-09 15:20:41,562: INFO: common: yaml file: E:\Projects\Steganalysis\config\config.yaml loaded successfully]
[2024-11-09 15:20:41,572: INFO: common: yaml file: E:\Projects\Steganalysis\params.yaml loaded successfully]
[2024-11-09 15:20:41,577: INFO: common: created directory at: artifacts]
[2024-11-09 15:20:41,577: INFO: common: created directory at: artifacts/prepare_base_model]
[2024-11-09 15:21:01,636: INFO: common: yaml file: E:\Projects\Steganalysis\config\config.yaml loaded successfully]
[2024-11-09 15:21:01,642: INFO: common: yaml file: E:\Projects\Steganalysis\params.yaml loaded successfully]
[2024-11-09 15:21:01,648: INFO: common: created directory at: artifacts]
[2024-11-09 15:21:01,653: INFO: common: created directory at: artifacts/prepare_base_model]
[2024-11-09 15:21:41,528: INFO: common: yaml file: E:\Projects\Steganalysis\config\config.yaml loaded successfully]
[2024-11-09 15:21:41,541: INFO: common: yaml file: E:\Projects\Steganalysis\params.yaml loaded successfully]
[2024-11-09 15:21:41,545: INFO: common: created directory at: artifacts]
[2024-11-09 15:21:41,547: INFO: common: created directory at: artifacts/prepare_base_model]
[2024-11-09 15:21:48,733: INFO: common: yaml file: E:\Projects\Steganalysis\config\config.yaml loaded successfully]
[2024-11-09 15:21:48,743: INFO: common: yaml file: E:\Projects\Steganalysis\params.yaml loaded successfully]
[2024-11-09 15:21:48,746: INFO: common: created directory at: artifacts]
[2024-11-09 15:21:48,748: INFO: common: created directory at: artifacts/prepare_base_model]
[2024-11-09 15:39:09,468: INFO: utils: Note: NumExpr detected 16 cores but "NUMEXPR_MAX_THREADS" not set, so enforcing safe limit of 8.]
[2024-11-09 15:39:09,468: INFO: utils: NumExpr defaulting to 8 threads.]
[2024-11-09 15:39:20,399: INFO: main: >>>>>> stage Data Ingestion stage started <<<<<<]
[2024-11-09 15:39:20,399: INFO: common: yaml file: config\config.yaml loaded successfully]
[2024-11-09 15:39:20,411: INFO: common: yaml file: params.yaml loaded successfully]
[2024-11-09 15:39:20,411: INFO: common: created directory at: artifacts]
[2024-11-09 15:39:20,414: INFO: common: created directory at: artifacts\data_ingestion]
[2024-11-09 15:39:59,548: INFO: data_ingestion: artifacts\data_ingestion\data.zip download! with following info: 
Connection: close
Content-Length: 22756660
Cache-Control: max-age=300
Content-Security-Policy: default-src 'none'; style-src 'unsafe-inline'; sandbox
Content-Type: application/zip
ETag: "07b1147bb12d018cef6446014bc4d1b098f8a8db79c8f5e8866fed33abc1a055"
Strict-Transport-Security: max-age=31536000
X-Content-Type-Options: nosniff
X-Frame-Options: deny
X-XSS-Protection: 1; mode=block
X-GitHub-Request-Id: 63F4:20182A:91334:C38A1:672F34D5
Accept-Ranges: bytes
Date: Sat, 09 Nov 2024 10:09:27 GMT
Via: 1.1 varnish
X-Served-By: cache-bom4740-BOM
X-Cache: MISS
X-Cache-Hits: 0
X-Timer: S1731146966.118528,VS0,VE1481
Vary: Authorization,Accept-Encoding,Origin
Access-Control-Allow-Origin: *
Cross-Origin-Resource-Policy: cross-origin
X-Fastly-Request-ID: f80ace7716ebf50732c9bfaba4ec6303f5874891
Expires: Sat, 09 Nov 2024 10:14:27 GMT
Source-Age: 1

]
[2024-11-09 15:39:59,869: INFO: main: >>>>>> stage Data Ingestion stage completed <<<<<<

x==========x]
[2024-11-09 15:39:59,869: INFO: main: >>>>>> stage Prepare base model started <<<<<<]
[2024-11-09 15:39:59,876: INFO: common: yaml file: config\config.yaml loaded successfully]
[2024-11-09 15:39:59,880: INFO: common: yaml file: params.yaml loaded successfully]
[2024-11-09 15:39:59,880: INFO: common: created directory at: artifacts]
[2024-11-09 15:39:59,884: INFO: common: created directory at: artifacts\prepare_base_model]
[2024-11-09 15:39:59,884: ERROR: main: "'IMAGE_SIZE'"]
Traceback (most recent call last):
  File "box\\box.py", line 593, in box.box.Box.__getitem__
KeyError: 'IMAGE_SIZE'

The above exception was the direct cause of the following exception:

Traceback (most recent call last):
  File "E:\Projects\Steganalysis\main.py", line 25, in <module>
    obj.main()
  File "E:\Projects\Steganalysis\src\Steganalysis\pipeline\stage_02_prepare_base_model.py", line 13, in main
    prepare_base_model_config = config_manager.get_prepare_base_model_config()
                                ^^^^^^^^^^^^^^^^^^^^^^^^^^^^^^^^^^^^^^^^^^^^^^
  File "E:\Projects\Steganalysis\src\Steganalysis\config\configuration.py", line 46, in get_prepare_base_model_config
    params_image_size=tuple(self.params["IMAGE_SIZE"]),   # Convert to tuple if needed
                            ~~~~~~~~~~~^^^^^^^^^^^^^^
  File "box\\box.py", line 620, in box.box.Box.__getitem__
box.exceptions.BoxKeyError: "'IMAGE_SIZE'"
[2024-11-09 15:42:26,837: INFO: utils: Note: NumExpr detected 16 cores but "NUMEXPR_MAX_THREADS" not set, so enforcing safe limit of 8.]
[2024-11-09 15:42:26,837: INFO: utils: NumExpr defaulting to 8 threads.]
[2024-11-09 15:42:29,043: INFO: main: >>>>>> stage Data Ingestion stage started <<<<<<]
[2024-11-09 15:42:29,047: INFO: common: yaml file: config\config.yaml loaded successfully]
[2024-11-09 15:42:29,065: INFO: common: yaml file: params.yaml loaded successfully]
[2024-11-09 15:42:29,072: INFO: common: created directory at: artifacts]
[2024-11-09 15:42:29,072: INFO: common: created directory at: artifacts\data_ingestion]
[2024-11-09 15:42:29,080: INFO: data_ingestion: File already exists of size: 21.7 MB]
[2024-11-09 15:42:29,373: INFO: main: >>>>>> stage Data Ingestion stage completed <<<<<<

x==========x]
[2024-11-09 15:42:29,373: INFO: main: >>>>>> stage Prepare base model started <<<<<<]
[2024-11-09 15:42:29,378: INFO: common: yaml file: config\config.yaml loaded successfully]
[2024-11-09 15:42:29,384: INFO: common: yaml file: params.yaml loaded successfully]
[2024-11-09 15:42:29,384: INFO: common: created directory at: artifacts]
[2024-11-09 15:42:29,389: INFO: common: created directory at: artifacts/prepare_base_model]
[2024-11-09 15:42:29,391: ERROR: main: PrepareBaseModelConfig.__init__() got an unexpected keyword argument 'model_type']
Traceback (most recent call last):
  File "E:\Projects\Steganalysis\main.py", line 25, in <module>
    obj.main()
  File "E:\Projects\Steganalysis\src\Steganalysis\pipeline\stage_02_prepare_base_model.py", line 13, in main
    prepare_base_model_config = config_manager.get_prepare_base_model_config()
                                ^^^^^^^^^^^^^^^^^^^^^^^^^^^^^^^^^^^^^^^^^^^^^^
  File "E:\Projects\Steganalysis\src\Steganalysis\config\configuration.py", line 41, in get_prepare_base_model_config
    prepare_base_model_config = PrepareBaseModelConfig(
                                ^^^^^^^^^^^^^^^^^^^^^^^
TypeError: PrepareBaseModelConfig.__init__() got an unexpected keyword argument 'model_type'
[2024-11-09 15:44:01,603: INFO: utils: Note: NumExpr detected 16 cores but "NUMEXPR_MAX_THREADS" not set, so enforcing safe limit of 8.]
[2024-11-09 15:44:01,611: INFO: utils: NumExpr defaulting to 8 threads.]
[2024-11-09 15:44:03,807: INFO: main: >>>>>> stage Data Ingestion stage started <<<<<<]
[2024-11-09 15:44:03,817: INFO: common: yaml file: config\config.yaml loaded successfully]
[2024-11-09 15:44:03,822: INFO: common: yaml file: params.yaml loaded successfully]
[2024-11-09 15:44:03,824: INFO: common: created directory at: artifacts]
[2024-11-09 15:44:03,824: INFO: common: created directory at: artifacts\data_ingestion]
[2024-11-09 15:44:03,824: INFO: data_ingestion: File already exists of size: 21.7 MB]
[2024-11-09 15:44:04,096: INFO: main: >>>>>> stage Data Ingestion stage completed <<<<<<

x==========x]
[2024-11-09 15:44:04,096: INFO: main: >>>>>> stage Prepare base model started <<<<<<]
[2024-11-09 15:44:04,103: INFO: common: yaml file: config\config.yaml loaded successfully]
[2024-11-09 15:44:04,108: INFO: common: yaml file: params.yaml loaded successfully]
[2024-11-09 15:44:04,111: INFO: common: created directory at: artifacts]
[2024-11-09 15:44:04,114: INFO: common: created directory at: artifacts/prepare_base_model]
[2024-11-09 15:44:04,115: ERROR: main: PrepareBaseModelConfig.__init__() got an unexpected keyword argument 'optimizer']
Traceback (most recent call last):
  File "E:\Projects\Steganalysis\main.py", line 25, in <module>
    obj.main()
  File "E:\Projects\Steganalysis\src\Steganalysis\pipeline\stage_02_prepare_base_model.py", line 13, in main
    prepare_base_model_config = config_manager.get_prepare_base_model_config()
                                ^^^^^^^^^^^^^^^^^^^^^^^^^^^^^^^^^^^^^^^^^^^^^^
  File "E:\Projects\Steganalysis\src\Steganalysis\config\configuration.py", line 41, in get_prepare_base_model_config
    prepare_base_model_config = PrepareBaseModelConfig(
                                ^^^^^^^^^^^^^^^^^^^^^^^
TypeError: PrepareBaseModelConfig.__init__() got an unexpected keyword argument 'optimizer'
[2024-11-09 15:45:24,259: INFO: utils: Note: NumExpr detected 16 cores but "NUMEXPR_MAX_THREADS" not set, so enforcing safe limit of 8.]
[2024-11-09 15:45:24,260: INFO: utils: NumExpr defaulting to 8 threads.]
[2024-11-09 15:45:25,249: INFO: main: >>>>>> stage Data Ingestion stage started <<<<<<]
[2024-11-09 15:45:25,255: INFO: common: yaml file: config\config.yaml loaded successfully]
[2024-11-09 15:45:25,258: INFO: common: yaml file: params.yaml loaded successfully]
[2024-11-09 15:45:25,258: INFO: common: created directory at: artifacts]
[2024-11-09 15:45:25,259: INFO: common: created directory at: artifacts\data_ingestion]
[2024-11-09 15:45:25,259: INFO: data_ingestion: File already exists of size: 21.7 MB]
[2024-11-09 15:45:25,378: INFO: main: >>>>>> stage Data Ingestion stage completed <<<<<<

x==========x]
[2024-11-09 15:45:25,378: INFO: main: >>>>>> stage Prepare base model started <<<<<<]
[2024-11-09 15:45:25,379: INFO: common: yaml file: config\config.yaml loaded successfully]
[2024-11-09 15:45:25,382: INFO: common: yaml file: params.yaml loaded successfully]
[2024-11-09 15:45:25,382: INFO: common: created directory at: artifacts]
[2024-11-09 15:45:25,382: INFO: common: created directory at: artifacts/prepare_base_model]
[2024-11-09 15:45:25,384: ERROR: main: PrepareBaseModelConfig.__init__() got an unexpected keyword argument 'batch_size']
Traceback (most recent call last):
  File "E:\Projects\Steganalysis\main.py", line 25, in <module>
    obj.main()
  File "E:\Projects\Steganalysis\src\Steganalysis\pipeline\stage_02_prepare_base_model.py", line 13, in main
    prepare_base_model_config = config_manager.get_prepare_base_model_config()
                                ^^^^^^^^^^^^^^^^^^^^^^^^^^^^^^^^^^^^^^^^^^^^^^
  File "E:\Projects\Steganalysis\src\Steganalysis\config\configuration.py", line 41, in get_prepare_base_model_config
    prepare_base_model_config = PrepareBaseModelConfig(
                                ^^^^^^^^^^^^^^^^^^^^^^^
TypeError: PrepareBaseModelConfig.__init__() got an unexpected keyword argument 'batch_size'
[2024-11-09 15:46:39,380: INFO: utils: Note: NumExpr detected 16 cores but "NUMEXPR_MAX_THREADS" not set, so enforcing safe limit of 8.]
[2024-11-09 15:46:39,380: INFO: utils: NumExpr defaulting to 8 threads.]
[2024-11-09 15:46:40,421: INFO: main: >>>>>> stage Data Ingestion stage started <<<<<<]
[2024-11-09 15:46:40,424: INFO: common: yaml file: config\config.yaml loaded successfully]
[2024-11-09 15:46:40,426: INFO: common: yaml file: params.yaml loaded successfully]
[2024-11-09 15:46:40,426: INFO: common: created directory at: artifacts]
[2024-11-09 15:46:40,426: INFO: common: created directory at: artifacts\data_ingestion]
[2024-11-09 15:46:40,427: INFO: data_ingestion: File already exists of size: 21.7 MB]
[2024-11-09 15:46:40,548: INFO: main: >>>>>> stage Data Ingestion stage completed <<<<<<

x==========x]
[2024-11-09 15:46:40,550: INFO: main: >>>>>> stage Prepare base model started <<<<<<]
[2024-11-09 15:46:40,552: INFO: common: yaml file: config\config.yaml loaded successfully]
[2024-11-09 15:46:40,554: INFO: common: yaml file: params.yaml loaded successfully]
[2024-11-09 15:46:40,554: INFO: common: created directory at: artifacts]
[2024-11-09 15:46:40,555: INFO: common: created directory at: artifacts/prepare_base_model]
[2024-11-09 15:46:40,555: ERROR: main: PrepareBaseModelConfig.__init__() missing 1 required positional argument: 'params_learning_rate']
Traceback (most recent call last):
  File "E:\Projects\Steganalysis\main.py", line 25, in <module>
    obj.main()
  File "E:\Projects\Steganalysis\src\Steganalysis\pipeline\stage_02_prepare_base_model.py", line 13, in main
    prepare_base_model_config = config_manager.get_prepare_base_model_config()
                                ^^^^^^^^^^^^^^^^^^^^^^^^^^^^^^^^^^^^^^^^^^^^^^
  File "E:\Projects\Steganalysis\src\Steganalysis\config\configuration.py", line 41, in get_prepare_base_model_config
    prepare_base_model_config = PrepareBaseModelConfig(
                                ^^^^^^^^^^^^^^^^^^^^^^^
TypeError: PrepareBaseModelConfig.__init__() missing 1 required positional argument: 'params_learning_rate'
[2024-11-09 15:47:51,675: INFO: utils: Note: NumExpr detected 16 cores but "NUMEXPR_MAX_THREADS" not set, so enforcing safe limit of 8.]
[2024-11-09 15:47:51,675: INFO: utils: NumExpr defaulting to 8 threads.]
[2024-11-09 15:47:52,666: INFO: main: >>>>>> stage Data Ingestion stage started <<<<<<]
[2024-11-09 15:47:52,671: INFO: common: yaml file: E:\Projects\Steganalysis\config\config.yaml loaded successfully]
[2024-11-09 15:47:52,674: INFO: common: yaml file: E:\Projects\Steganalysis\params.yaml loaded successfully]
[2024-11-09 15:47:52,675: INFO: common: created directory at: artifacts]
[2024-11-09 15:47:52,675: ERROR: main: 'ConfigurationManager' object has no attribute 'get_data_ingestion_config']
Traceback (most recent call last):
  File "E:\Projects\Steganalysis\main.py", line 14, in <module>
    obj.main()
  File "E:\Projects\Steganalysis\src\Steganalysis\pipeline\stage_01_data_ingestion.py", line 14, in main
    data_ingestion_config = config.get_data_ingestion_config()
                            ^^^^^^^^^^^^^^^^^^^^^^^^^^^^^^^^
AttributeError: 'ConfigurationManager' object has no attribute 'get_data_ingestion_config'
[2024-11-09 15:50:56,256: INFO: utils: Note: NumExpr detected 16 cores but "NUMEXPR_MAX_THREADS" not set, so enforcing safe limit of 8.]
[2024-11-09 15:50:56,256: INFO: utils: NumExpr defaulting to 8 threads.]
[2024-11-09 15:50:58,571: INFO: main: >>>>>> stage Data Ingestion stage started <<<<<<]
[2024-11-09 15:50:58,585: INFO: common: yaml file: E:\Projects\Steganalysis\config\config.yaml loaded successfully]
[2024-11-09 15:50:58,591: INFO: common: yaml file: E:\Projects\Steganalysis\params.yaml loaded successfully]
[2024-11-09 15:50:58,597: INFO: common: created directory at: artifacts]
[2024-11-09 15:50:58,597: INFO: common: created directory at: artifacts\data_ingestion]
[2024-11-09 15:50:58,599: INFO: data_ingestion: File already exists of size: 21.7 MB]
[2024-11-09 15:50:58,883: INFO: main: >>>>>> stage Data Ingestion stage completed <<<<<<

x==========x]
[2024-11-09 15:50:58,883: INFO: main: >>>>>> stage Prepare base model started <<<<<<]
[2024-11-09 15:50:58,890: INFO: common: yaml file: E:\Projects\Steganalysis\config\config.yaml loaded successfully]
[2024-11-09 15:50:58,898: INFO: common: yaml file: E:\Projects\Steganalysis\params.yaml loaded successfully]
[2024-11-09 15:50:58,900: INFO: common: created directory at: artifacts]
[2024-11-09 15:50:58,900: INFO: common: created directory at: artifacts/prepare_base_model]
[2024-11-09 15:50:58,902: ERROR: main: PrepareBaseModelConfig.__init__() got an unexpected keyword argument 'model_type']
Traceback (most recent call last):
  File "E:\Projects\Steganalysis\main.py", line 25, in <module>
    obj.main()
  File "E:\Projects\Steganalysis\src\Steganalysis\pipeline\stage_02_prepare_base_model.py", line 13, in main
    prepare_base_model_config = config_manager.get_prepare_base_model_config()
                                ^^^^^^^^^^^^^^^^^^^^^^^^^^^^^^^^^^^^^^^^^^^^^^
  File "E:\Projects\Steganalysis\src\Steganalysis\config\configuration.py", line 44, in get_prepare_base_model_config
    prepare_base_model_config = PrepareBaseModelConfig(
                                ^^^^^^^^^^^^^^^^^^^^^^^
TypeError: PrepareBaseModelConfig.__init__() got an unexpected keyword argument 'model_type'
[2024-11-09 15:55:05,573: INFO: utils: Note: NumExpr detected 16 cores but "NUMEXPR_MAX_THREADS" not set, so enforcing safe limit of 8.]
[2024-11-09 15:55:05,573: INFO: utils: NumExpr defaulting to 8 threads.]
[2024-11-09 15:55:08,005: INFO: main: >>>>>> stage Data Ingestion stage started <<<<<<]
[2024-11-09 15:55:08,009: INFO: common: yaml file: E:\Projects\Steganalysis\config\config.yaml loaded successfully]
[2024-11-09 15:55:08,016: INFO: common: yaml file: E:\Projects\Steganalysis\params.yaml loaded successfully]
[2024-11-09 15:55:08,016: INFO: common: created directory at: artifacts]
[2024-11-09 15:55:08,016: INFO: common: created directory at: artifacts\data_ingestion]
[2024-11-09 15:55:08,019: INFO: data_ingestion: File already exists of size: 21.7 MB]
[2024-11-09 15:55:08,325: INFO: main: >>>>>> stage Data Ingestion stage completed <<<<<<

x==========x]
[2024-11-09 15:55:08,326: INFO: main: >>>>>> stage Prepare base model started <<<<<<]
[2024-11-09 15:55:08,328: INFO: common: yaml file: E:\Projects\Steganalysis\config\config.yaml loaded successfully]
[2024-11-09 15:55:08,336: INFO: common: yaml file: E:\Projects\Steganalysis\params.yaml loaded successfully]
[2024-11-09 15:55:08,339: INFO: common: created directory at: artifacts]
[2024-11-09 15:55:08,340: INFO: common: created directory at: artifacts/prepare_base_model]
[2024-11-09 15:55:12,285: INFO: main: >>>>>> stage Prepare base model completed <<<<<<

x==========x]
[2024-11-09 15:57:50,108: INFO: common: yaml file: E:\Projects\Steganalysis\config\config.yaml loaded successfully]
[2024-11-09 15:57:50,116: INFO: common: yaml file: E:\Projects\Steganalysis\params.yaml loaded successfully]
[2024-11-09 15:57:50,123: INFO: common: created directory at: artifacts]
[2024-11-09 15:57:50,123: INFO: common: created directory at: artifacts/prepare_base_model]
[2024-11-09 16:02:44,529: INFO: utils: Note: NumExpr detected 16 cores but "NUMEXPR_MAX_THREADS" not set, so enforcing safe limit of 8.]
[2024-11-09 16:02:44,536: INFO: utils: NumExpr defaulting to 8 threads.]
[2024-11-09 16:02:47,242: INFO: main: >>>>>> stage Data Ingestion stage started <<<<<<]
[2024-11-09 16:02:47,249: INFO: common: yaml file: E:\Projects\Steganalysis\config\config.yaml loaded successfully]
[2024-11-09 16:02:47,255: INFO: common: yaml file: E:\Projects\Steganalysis\params.yaml loaded successfully]
[2024-11-09 16:02:47,258: INFO: common: created directory at: artifacts]
[2024-11-09 16:02:47,260: INFO: common: created directory at: artifacts\data_ingestion]
[2024-11-09 16:02:47,260: INFO: data_ingestion: File already exists of size: 21.7 MB]
[2024-11-09 16:02:47,565: INFO: main: >>>>>> stage Data Ingestion stage completed <<<<<<

x==========x]
[2024-11-09 16:02:47,565: INFO: main: >>>>>> stage Prepare base model started <<<<<<]
[2024-11-09 16:02:47,567: INFO: common: yaml file: E:\Projects\Steganalysis\config\config.yaml loaded successfully]
[2024-11-09 16:02:47,573: INFO: common: yaml file: E:\Projects\Steganalysis\params.yaml loaded successfully]
[2024-11-09 16:02:47,578: INFO: common: created directory at: artifacts]
[2024-11-09 16:02:47,580: INFO: common: created directory at: artifacts/prepare_base_model]
[2024-11-09 16:02:53,810: INFO: main: >>>>>> stage Prepare base model completed <<<<<<

x==========x]
[2024-11-09 16:03:29,910: INFO: utils: Note: NumExpr detected 16 cores but "NUMEXPR_MAX_THREADS" not set, so enforcing safe limit of 8.]
[2024-11-09 16:03:29,910: INFO: utils: NumExpr defaulting to 8 threads.]
[2024-11-09 16:03:32,212: INFO: main: >>>>>> stage Data Ingestion stage started <<<<<<]
[2024-11-09 16:03:32,221: INFO: common: yaml file: E:\Projects\Steganalysis\config\config.yaml loaded successfully]
[2024-11-09 16:03:32,230: INFO: common: yaml file: E:\Projects\Steganalysis\params.yaml loaded successfully]
[2024-11-09 16:03:32,232: INFO: common: created directory at: artifacts]
[2024-11-09 16:03:32,233: INFO: common: created directory at: artifacts\data_ingestion]
[2024-11-09 16:12:12,162: INFO: utils: Note: NumExpr detected 16 cores but "NUMEXPR_MAX_THREADS" not set, so enforcing safe limit of 8.]
[2024-11-09 16:12:12,162: INFO: utils: NumExpr defaulting to 8 threads.]
[2024-11-09 16:12:14,560: INFO: main: >>>>>> stage Data Ingestion stage started <<<<<<]
[2024-11-09 16:12:14,568: INFO: common: yaml file: E:\Projects\Steganalysis\config\config.yaml loaded successfully]
[2024-11-09 16:12:14,571: INFO: common: yaml file: E:\Projects\Steganalysis\params.yaml loaded successfully]
[2024-11-09 16:12:14,577: INFO: common: created directory at: artifacts]
[2024-11-09 16:12:14,579: INFO: common: created directory at: artifacts\data_ingestion]
[2024-11-09 16:12:14,579: INFO: data_ingestion: File already exists of size: 12.66 MB]
[2024-11-09 16:12:14,579: ERROR: main: File is not a zip file]
Traceback (most recent call last):
  File "E:\Projects\Steganalysis\main.py", line 14, in <module>
    obj.main()
  File "E:\Projects\Steganalysis\src\Steganalysis\pipeline\stage_01_data_ingestion.py", line 17, in main
    data_ingestion.extract_zip_file()
  File "E:\Projects\Steganalysis\src\Steganalysis\components\data_ingestion.py", line 77, in extract_zip_file
    with zipfile.ZipFile(self.config.local_data_file, 'r') as zip_ref:
         ^^^^^^^^^^^^^^^^^^^^^^^^^^^^^^^^^^^^^^^^^^^^^^^^^
  File "E:\System_Files\Anaconda\Lib\zipfile\__init__.py", line 1349, in __init__
    self._RealGetContents()
  File "E:\System_Files\Anaconda\Lib\zipfile\__init__.py", line 1416, in _RealGetContents
    raise BadZipFile("File is not a zip file")
zipfile.BadZipFile: File is not a zip file
[2024-11-09 16:12:48,863: INFO: utils: Note: NumExpr detected 16 cores but "NUMEXPR_MAX_THREADS" not set, so enforcing safe limit of 8.]
[2024-11-09 16:12:48,863: INFO: utils: NumExpr defaulting to 8 threads.]
[2024-11-09 16:12:51,937: INFO: main: >>>>>> stage Data Ingestion stage started <<<<<<]
[2024-11-09 16:12:51,942: INFO: common: yaml file: E:\Projects\Steganalysis\config\config.yaml loaded successfully]
[2024-11-09 16:12:51,948: INFO: common: yaml file: E:\Projects\Steganalysis\params.yaml loaded successfully]
[2024-11-09 16:12:51,948: INFO: common: created directory at: artifacts]
[2024-11-09 16:12:51,948: INFO: common: created directory at: artifacts\data_ingestion]
[2024-11-09 16:24:00,069: INFO: utils: Note: NumExpr detected 16 cores but "NUMEXPR_MAX_THREADS" not set, so enforcing safe limit of 8.]
[2024-11-09 16:24:00,069: INFO: utils: NumExpr defaulting to 8 threads.]
[2024-11-09 16:24:01,070: INFO: main: >>>>>> stage Data Ingestion stage started <<<<<<]
[2024-11-09 16:24:01,071: INFO: common: yaml file: E:\Projects\Steganalysis\config\config.yaml loaded successfully]
[2024-11-09 16:24:01,071: INFO: common: yaml file: E:\Projects\Steganalysis\params.yaml loaded successfully]
[2024-11-09 16:24:01,071: INFO: common: created directory at: artifacts]
[2024-11-09 16:24:01,071: INFO: common: created directory at: artifacts\data_ingestion]
[2024-11-09 16:24:37,004: INFO: data_ingestion: artifacts\data_ingestion\data.zip download! with following info: 
Connection: close
Content-Length: 22756660
Cache-Control: max-age=300
Content-Security-Policy: default-src 'none'; style-src 'unsafe-inline'; sandbox
Content-Type: application/zip
ETag: "07b1147bb12d018cef6446014bc4d1b098f8a8db79c8f5e8866fed33abc1a055"
Strict-Transport-Security: max-age=31536000
X-Content-Type-Options: nosniff
X-Frame-Options: deny
X-XSS-Protection: 1; mode=block
X-GitHub-Request-Id: 63F4:20182A:91334:C38A1:672F34D5
Accept-Ranges: bytes
Date: Sat, 09 Nov 2024 10:54:05 GMT
Via: 1.1 varnish
X-Served-By: cache-bom4722-BOM
X-Cache: HIT
X-Cache-Hits: 0
X-Timer: S1731149646.577533,VS0,VE336
Vary: Authorization,Accept-Encoding,Origin
Access-Control-Allow-Origin: *
Cross-Origin-Resource-Policy: cross-origin
X-Fastly-Request-ID: f9d0e494f92a673553de79e995a6de1754c0062d
Expires: Sat, 09 Nov 2024 10:59:05 GMT
Source-Age: 0

]
[2024-11-09 16:24:37,143: INFO: main: >>>>>> stage Data Ingestion stage completed <<<<<<

x==========x]
[2024-11-09 16:24:37,143: INFO: main: >>>>>> stage Prepare base model started <<<<<<]
[2024-11-09 16:24:37,145: INFO: common: yaml file: E:\Projects\Steganalysis\config\config.yaml loaded successfully]
[2024-11-09 16:24:37,146: INFO: common: yaml file: E:\Projects\Steganalysis\params.yaml loaded successfully]
[2024-11-09 16:24:37,146: INFO: common: created directory at: artifacts]
[2024-11-09 16:24:37,149: INFO: common: created directory at: artifacts/prepare_base_model]
[2024-11-09 16:24:39,895: INFO: main: >>>>>> stage Prepare base model completed <<<<<<

x==========x]
